<?xml version="1.0" encoding="UTF-8"?>
<testng-results ignored="0" total="1" passed="1" failed="0" skipped="0">
  <reporter-output>
    <line>
      <![CDATA[**connect to data base**]]>
    </line>
    <line>
      <![CDATA[testscript execution started]]>
    </line>
    <line>
      <![CDATA[testscript is passed]]>
    </line>
    <line>
      <![CDATA[Disconnect to data base]]>
    </line>
  </reporter-output>
  <suite started-at="2023-11-27T23:42:08 IST" name="Default suite" finished-at="2023-11-27T23:42:39 IST" duration-ms="30460">
    <groups>
      <group name="somkesuite">
        <method signature="Contact.Contacts()[pri:0, instance:vtiger.Contact@3b69e7d1]" name="Contacts" class="vtiger.Contact"/>
      </group> <!-- somkesuite -->
    </groups>
    <test started-at="2023-11-27T23:42:08 IST" name="Default test" finished-at="2023-11-27T23:42:39 IST" duration-ms="30460">
      <class name="vtiger.Contact">
        <test-method is-config="true" signature="BSconfig()[pri:0, instance:vtiger.Contact@3b69e7d1]" started-at="2023-11-27T23:42:08 IST" name="BSconfig" finished-at="2023-11-27T23:42:08 IST" duration-ms="35" status="PASS">
          <reporter-output>
            <line>
              <![CDATA[**connect to data base**]]>
            </line>
          </reporter-output>
        </test-method> <!-- BSconfig -->
        <test-method is-config="true" signature="BCconfig()[pri:0, instance:vtiger.Contact@3b69e7d1]" started-at="2023-11-27T23:42:08 IST" name="BCconfig" finished-at="2023-11-27T23:42:15 IST" duration-ms="6728" status="PASS">
          <reporter-output>
          </reporter-output>
        </test-method> <!-- BCconfig -->
        <test-method is-config="true" signature="BMconfig()[pri:0, instance:vtiger.Contact@3b69e7d1]" started-at="2023-11-27T23:42:15 IST" name="BMconfig" finished-at="2023-11-27T23:42:18 IST" duration-ms="3505" status="PASS">
          <reporter-output>
          </reporter-output>
        </test-method> <!-- BMconfig -->
        <test-method signature="Contacts()[pri:0, instance:vtiger.Contact@3b69e7d1]" started-at="2023-11-27T23:42:18 IST" name="Contacts" finished-at="2023-11-27T23:42:37 IST" duration-ms="18063" status="PASS">
          <reporter-output>
            <line>
              <![CDATA[testscript execution started]]>
            </line>
            <line>
              <![CDATA[testscript is passed]]>
            </line>
          </reporter-output>
        </test-method> <!-- Contacts -->
        <test-method is-config="true" signature="AMconfig()[pri:0, instance:vtiger.Contact@3b69e7d1]" started-at="2023-11-27T23:42:37 IST" name="AMconfig" finished-at="2023-11-27T23:42:38 IST" duration-ms="1816" status="PASS">
          <reporter-output>
          </reporter-output>
        </test-method> <!-- AMconfig -->
        <test-method is-config="true" signature="ACconfig()[pri:0, instance:vtiger.Contact@3b69e7d1]" started-at="2023-11-27T23:42:38 IST" name="ACconfig" finished-at="2023-11-27T23:42:39 IST" duration-ms="237" status="PASS">
          <reporter-output>
          </reporter-output>
        </test-method> <!-- ACconfig -->
        <test-method is-config="true" signature="ASconfig()[pri:0, instance:vtiger.Contact@3b69e7d1]" started-at="2023-11-27T23:42:39 IST" name="ASconfig" finished-at="2023-11-27T23:42:39 IST" duration-ms="0" status="PASS">
          <reporter-output>
            <line>
              <![CDATA[Disconnect to data base]]>
            </line>
          </reporter-output>
        </test-method> <!-- ASconfig -->
      </class> <!-- vtiger.Contact -->
    </test> <!-- Default test -->
  </suite> <!-- Default suite -->
</testng-results>
